Running: /opt/Xilinx/14.7/ISE_DS/ISE/bin/lin64/unwrapped/fuse -intstyle ise -incremental -lib secureip -o /home/jednorozecxd/Desktop/UCISW2/Akcelerometr/steeringBox_tb_isim_beh.exe -prj /home/jednorozecxd/Desktop/UCISW2/Akcelerometr/steeringBox_tb_beh.prj work.steeringBox_tb 
ISim P.20131013 (signature 0xfbc00daa)
Number of CPUs detected in this system: 6
Turning on mult-threading, number of parallel sub-compilation jobs: 12 
Determining compilation order of HDL files
Parsing VHDL file "/home/jednorozecxd/Desktop/UCISW2/Akcelerometr/SteeringBox.vhd" into library work
Parsing VHDL file "/home/jednorozecxd/Desktop/UCISW2/Akcelerometr/steeringBox_tb.vhd" into library work
Starting static elaboration
Completed static elaboration
Fuse Memory Usage: 83316 KB
Fuse CPU Usage: 420 ms
Compiling package standard
Compiling package std_logic_1164
Compiling architecture behavioral of entity SteeringBox [steeringbox_default]
Compiling architecture behavior of entity steeringbox_tb
Time Resolution for simulation is 1ps.
Waiting for 1 sub-compilation(s) to finish...
Compiled 5 VHDL Units
Built simulation executable /home/jednorozecxd/Desktop/UCISW2/Akcelerometr/steeringBox_tb_isim_beh.exe
Fuse Memory Usage: 911260 KB
Fuse CPU Usage: 440 ms
GCC CPU Usage: 150 ms
