ISim log file
Running: /home/jednorozecxd/Desktop/UCISW2/Akcelerometr/scheme_1_scheme_1_sch_tb_isim_beh.exe -intstyle ise -gui -tclbatch isim.cmd -wdb /home/jednorozecxd/Desktop/UCISW2/Akcelerometr/scheme_1_scheme_1_sch_tb_isim_beh.wdb 
ISim P.20131013 (signature 0xfbc00daa)
WARNING: A WEBPACK license was found.
WARNING: Please use Xilinx License Configuration Manager to check out a full ISim license.
WARNING: ISim will run in Lite mode. Please refer to the ISim documentation for more information on the differences between the Lite and the Full version.
This is a Lite version of ISim.
Time resolution is 1 ps
# onerror resume
# wave add /
# run 1000 ns
Simulator is doing circuit initialization process.
Finished circuit initialization process.
[I2C 0.8551 us] START condition
# run 500ns
# run 500 ns
ISim P.20131013 (signature 0xfbc00daa)
WARNING: A WEBPACK license was found.
WARNING: Please use Xilinx License Configuration Manager to check out a full ISim license.
WARNING: ISim will run in Lite mode. Please refer to the ISim documentation for more information on the differences between the Lite and the Full version.
This is a Lite version of ISim.
# run 1000 ns
Simulator is doing circuit initialization process.
Finished circuit initialization process.
[I2C 0.8551 us] START condition
# run 500ns
# run 500ns
# run 2000ns
# run 20000ns
[I2C 11.1651 us] address byte: 3A
[I2C 23.6651 us] byte received: 01
# restart
ISim P.20131013 (signature 0xfbc00daa)
WARNING: A WEBPACK license was found.
WARNING: Please use Xilinx License Configuration Manager to check out a full ISim license.
WARNING: ISim will run in Lite mode. Please refer to the ISim documentation for more information on the differences between the Lite and the Full version.
This is a Lite version of ISim.
# run 1000 ns
Simulator is doing circuit initialization process.
Finished circuit initialization process.
[I2C 0.8551 us] START condition
# run 10000ns
# run 10000ns
[I2C 11.1651 us] address byte: 3A
# run 10000ns
[I2C 23.6651 us] byte received: 01
# run 10000ns
[I2C 36.1851 us] byte received: 3B
# run 100000ns
[I2C 48.6851 us] byte received: FF
# restart
# run 1ms
Simulator is doing circuit initialization process.
Finished circuit initialization process.
[I2C 0.8551 us] START condition
[I2C 11.1651 us] address byte: 3A
[I2C 23.6651 us] byte received: 01
[I2C 36.1851 us] byte received: 3B
[I2C 48.6851 us] byte received: FF
ISim P.20131013 (signature 0xfbc00daa)
WARNING: A WEBPACK license was found.
WARNING: Please use Xilinx License Configuration Manager to check out a full ISim license.
WARNING: ISim will run in Lite mode. Please refer to the ISim documentation for more information on the differences between the Lite and the Full version.
This is a Lite version of ISim.
# run 1000 ns
Simulator is doing circuit initialization process.
Finished circuit initialization process.
# run 100000ns
[I2C 1.5101 us] START condition
[I2C 22.1301 us] address byte: 3A
[I2C 44.6301 us] byte received: 00
[I2C 49.6301 us] STOP condition
[I2C 51.5501 us] START condition
[I2C 72.1701 us] address byte: 3B
[I2C 97.8051 us] byte transmitted: 00, NACK in response
# run 100000ns
ISim P.20131013 (signature 0xfbc00daa)
WARNING: A WEBPACK license was found.
WARNING: Please use Xilinx License Configuration Manager to check out a full ISim license.
WARNING: ISim will run in Lite mode. Please refer to the ISim documentation for more information on the differences between the Lite and the Full version.
This is a Lite version of ISim.
# run 1000 ns
Simulator is doing circuit initialization process.
Finished circuit initialization process.
# run 100000ns
[I2C 1.5101 us] START condition
[I2C 22.1301 us] address byte: 3A
[I2C 44.6301 us] byte received: 00
[I2C 49.6301 us] STOP condition
[I2C 51.5501 us] START condition
[I2C 72.1701 us] address byte: 3B
[I2C 97.8051 us] byte transmitted: 77, NACK in response
# run 100000ns
# exit 0
